# JRE version: Java(TM) SE Runtime Environment (17.0.11+7) (build 17.0.11+7-LTS-207)
# Java VM: Java HotSpot(TM) 64-Bit Server VM (17.0.11+7-LTS-207, mixed mode, sharing, tiered, compressed oops, compressed class ptrs, g1 gc, windows-amd64)
GC Precious Log:
 CPUs: 16 total, 16 available
 Memory: 6005M
 Large Page Support: Disabled
 NUMA Support: Disabled
 Compressed Oops: Enabled (32-bit)
 Heap Region Size: 1M
 Heap Min Capacity: 8M
 Heap Initial Capacity: 94M
 Heap Max Capacity: 1502M
 Pre-touch: Disabled
 Parallel Workers: 13
 Concurrent Workers: 3
 Concurrent Refinement Workers: 13
 Periodic GC: Disabled
Heap:
 garbage-first heap   total 60416K, used 45876K [0x00000000a2200000, 0x0000000100000000)
  region size 1024K, 19 young (19456K), 1 survivors (1024K)
 Metaspace       used 54625K, committed 55296K, reserved 1114112K
  class space    used 7167K, committed 7488K, reserved 1048576K
GC Heap History (20 events):
Event: 5.365 GC heap before
{Heap before GC invocations=9 (full 0):
 garbage-first heap   total 45056K, used 34104K [0x00000000a2200000, 0x0000000100000000)
  region size 1024K, 19 young (19456K), 3 survivors (3072K)
 Metaspace       used 32889K, committed 33344K, reserved 1114112K
  class space    used 4279K, committed 4480K, reserved 1048576K
}
Event: 5.371 GC heap after
{Heap after GC invocations=10 (full 0):
 garbage-first heap   total 45056K, used 19573K [0x00000000a2200000, 0x0000000100000000)
  region size 1024K, 2 young (2048K), 2 survivors (2048K)
 Metaspace       used 32889K, committed 33344K, reserved 1114112K
  class space    used 4279K, committed 4480K, reserved 1048576K
}
Event: 5.879 GC heap before
{Heap before GC invocations=10 (full 0):
 garbage-first heap   total 45056K, used 26741K [0x00000000a2200000, 0x0000000100000000)
  region size 1024K, 11 young (11264K), 2 survivors (2048K)
 Metaspace       used 35534K, committed 35968K, reserved 1114112K
  class space    used 4602K, committed 4800K, reserved 1048576K
}
Event: 5.883 GC heap after
{Heap after GC invocations=11 (full 0):
 garbage-first heap   total 45056K, used 20073K [0x00000000a2200000, 0x0000000100000000)
  region size 1024K, 1 young (1024K), 1 survivors (1024K)
 Metaspace       used 35534K, committed 35968K, reserved 1114112K
  class space    used 4602K, committed 4800K, reserved 1048576K
}
Event: 6.265 GC heap before
{Heap before GC invocations=12 (full 0):
 garbage-first heap   total 45056K, used 34409K [0x00000000a2200000, 0x0000000100000000)
  region size 1024K, 15 young (15360K), 1 survivors (1024K)
 Metaspace       used 38808K, committed 39360K, reserved 1114112K
  class space    used 5087K, committed 5312K, reserved 1048576K
}
Event: 6.268 GC heap after
{Heap after GC invocations=13 (full 0):
 garbage-first heap   total 45056K, used 22136K [0x00000000a2200000, 0x0000000100000000)
  region size 1024K, 2 young (2048K), 2 survivors (2048K)
 Metaspace       used 38808K, committed 39360K, reserved 1114112K
  class space    used 5087K, committed 5312K, reserved 1048576K
}
Event: 6.547 GC heap before
{Heap before GC invocations=13 (full 0):
 garbage-first heap   total 45056K, used 33400K [0x00000000a2200000, 0x0000000100000000)
  region size 1024K, 14 young (14336K), 2 survivors (2048K)
 Metaspace       used 41835K, committed 42368K, reserved 1114112K
  class space    used 5505K, committed 5760K, reserved 1048576K
}
Event: 6.550 GC heap after
{Heap after GC invocations=14 (full 0):
 garbage-first heap   total 45056K, used 23938K [0x00000000a2200000, 0x0000000100000000)
  region size 1024K, 2 young (2048K), 2 survivors (2048K)
 Metaspace       used 41835K, committed 42368K, reserved 1114112K
  class space    used 5505K, committed 5760K, reserved 1048576K
}
Event: 6.782 GC heap before
{Heap before GC invocations=15 (full 0):
 garbage-first heap   total 45056K, used 35202K [0x00000000a2200000, 0x0000000100000000)
  region size 1024K, 13 young (13312K), 2 survivors (2048K)
 Metaspace       used 44500K, committed 44992K, reserved 1114112K
  class space    used 5856K, committed 6080K, reserved 1048576K
}
Event: 6.784 GC heap after
{Heap after GC invocations=16 (full 0):
 garbage-first heap   total 45056K, used 25229K [0x00000000a2200000, 0x0000000100000000)
  region size 1024K, 2 young (2048K), 2 survivors (2048K)
 Metaspace       used 44500K, committed 44992K, reserved 1114112K
  class space    used 5856K, committed 6080K, reserved 1048576K
}
Event: 6.989 GC heap before
{Heap before GC invocations=16 (full 0):
 garbage-first heap   total 45056K, used 33421K [0x00000000a2200000, 0x0000000100000000)
  region size 1024K, 11 young (11264K), 2 survivors (2048K)
 Metaspace       used 46388K, committed 46912K, reserved 1114112K
  class space    used 6099K, committed 6336K, reserved 1048576K
}
Event: 6.991 GC heap after
{Heap after GC invocations=17 (full 0):
 garbage-first heap   total 45056K, used 26497K [0x00000000a2200000, 0x0000000100000000)
  region size 1024K, 2 young (2048K), 2 survivors (2048K)
 Metaspace       used 46388K, committed 46912K, reserved 1114112K
  class space    used 6099K, committed 6336K, reserved 1048576K
}
Event: 7.207 GC heap before
{Heap before GC invocations=18 (full 0):
 garbage-first heap   total 50176K, used 35713K [0x00000000a2200000, 0x0000000100000000)
  region size 1024K, 11 young (11264K), 2 survivors (2048K)
 Metaspace       used 47637K, committed 48192K, reserved 1114112K
  class space    used 6296K, committed 6528K, reserved 1048576K
}
Event: 7.209 GC heap after
{Heap after GC invocations=19 (full 0):
 garbage-first heap   total 50176K, used 27550K [0x00000000a2200000, 0x0000000100000000)
  region size 1024K, 2 young (2048K), 2 survivors (2048K)
 Metaspace       used 47637K, committed 48192K, reserved 1114112K
  class space    used 6296K, committed 6528K, reserved 1048576K
}
Event: 10.000 GC heap before
{Heap before GC invocations=19 (full 0):
 garbage-first heap   total 50176K, used 38814K [0x00000000a2200000, 0x0000000100000000)
  region size 1024K, 14 young (14336K), 2 survivors (2048K)
 Metaspace       used 50071K, committed 50624K, reserved 1114112K
  class space    used 6624K, committed 6848K, reserved 1048576K
}
Event: 10.004 GC heap after
{Heap after GC invocations=20 (full 0):
 garbage-first heap   total 60416K, used 28428K [0x00000000a2200000, 0x0000000100000000)
  region size 1024K, 1 young (1024K), 1 survivors (1024K)
 Metaspace       used 50071K, committed 50624K, reserved 1114112K
  class space    used 6624K, committed 6848K, reserved 1048576K
}
Event: 93.980 GC heap before
{Heap before GC invocations=21 (full 0):
 garbage-first heap   total 60416K, used 46860K [0x00000000a2200000, 0x0000000100000000)
  region size 1024K, 20 young (20480K), 1 survivors (1024K)
 Metaspace       used 53514K, committed 54144K, reserved 1114112K
  class space    used 7059K, committed 7360K, reserved 1048576K
}
Event: 94.031 GC heap after
{Heap after GC invocations=22 (full 0):
 garbage-first heap   total 60416K, used 29384K [0x00000000a2200000, 0x0000000100000000)
  region size 1024K, 2 young (2048K), 2 survivors (2048K)
 Metaspace       used 53514K, committed 54144K, reserved 1114112K
  class space    used 7059K, committed 7360K, reserved 1048576K
}
Event: 94.122 GC heap before
{Heap before GC invocations=22 (full 0):
 garbage-first heap   total 60416K, used 30408K [0x00000000a2200000, 0x0000000100000000)
  region size 1024K, 3 young (3072K), 2 survivors (2048K)
 Metaspace       used 53712K, committed 54336K, reserved 1114112K
  class space    used 7088K, committed 7360K, reserved 1048576K
}
Event: 94.158 GC heap after
{Heap after GC invocations=23 (full 0):
 garbage-first heap   total 60416K, used 28468K [0x00000000a2200000, 0x0000000100000000)
  region size 1024K, 1 young (1024K), 1 survivors (1024K)
 Metaspace       used 53712K, committed 54336K, reserved 1114112K
  class space    used 7088K, committed 7360K, reserved 1048576K
}

